Arguments: 
  C:\Program Files\nodejs\node.exe C:\Users\MICRO\AppData\Local\node\corepack\yarn\1.22.19\bin\yarn.js init

PATH: 
  C:\Users\MICRO\bin;C:\Program Files\Git\mingw64\bin;C:\Program Files\Git\usr\local\bin;C:\Program Files\Git\usr\bin;C:\Program Files\Git\usr\bin;C:\Program Files\Git\mingw64\bin;C:\Program Files\Git\usr\bin;C:\Users\MICRO\bin;C:\Program Files (x86)\Common Files\Oracle\Java\javapath;C:\Program Files\java\jdk1.8.0_202\bin;C:\Program Files\java\zulu11.58.15-ca-jdk11.0.16-win_x64\bin;C:\Program Files\apache-maven-3.8.6\bin;C:\Program Files\Eclipse Adoptium\jre-8.0.322.6-hotspot\bin;C:\WINDOWS\system32;C:\WINDOWS;C:\WINDOWS\System32\Wbem;C:\WINDOWS\System32\WindowsPowerShell\v1.0;C:\WINDOWS\System32\OpenSSH;C:\Program Files\Git\cmd;C:\ProgramData\UNIVALI\Portugol Studio;C:\MinGW\bin;C:\Program Files\nodejs;C:\Program Files\MySQL\MySQL Shell 8.0\bin;C:\Users\MICRO\AppData\Local\Microsoft\WindowsApps;C:\Users\MICRO\AppData\Local\Programs\Microsoft VS Code\bin;C:\Program Files\JetBrains\IntelliJ IDEA Community Edition 2022.1.4\bin;C:\Users\MICRO\AppData\Roaming\npm;C:\Program Files\Git\usr\bin\vendor_perl;C:\Program Files\Git\usr\bin\core_perl

Yarn version: 
  1.22.19

Node version: 
  18.15.0

Platform: 
  win32 x64

Trace: 
  Error: Can't answer a question unless a user TTY
      at ConsoleReporter.question (C:\Users\MICRO\AppData\Local\node\corepack\yarn\1.22.19\lib\cli.js:92864:59)
      at Object.<anonymous> (C:\Users\MICRO\AppData\Local\node\corepack\yarn\1.22.19\lib\cli.js:85054:38)
      at Generator.next (<anonymous>)
      at step (C:\Users\MICRO\AppData\Local\node\corepack\yarn\1.22.19\lib\cli.js:310:30)
      at C:\Users\MICRO\AppData\Local\node\corepack\yarn\1.22.19\lib\cli.js:321:13

npm manifest: 
  No manifest

yarn manifest: 
  No manifest

Lockfile: 
  No lockfile
